<?xml version="1.0" encoding="UTF-8"?>
<!-- Generated by org.testng.reporters.JUnitXMLReporter -->
<testsuite hostname="DESKTOP-18F4G47" ignored="0" name="Default test" tests="3" failures="0" timestamp="04 Aug 2020 19:23:11 GMT" time="21.122" errors="0">
  <testcase name="verifyHomePageHeader" time="5.162" classname="com.qa2.hubspot2.tests.HomePageTest"/>
  <testcase name="verifyLoggedInUserTest" time="0.119" classname="com.qa2.hubspot2.tests.HomePageTest"/>
  <testcase name="verifyHomePageTitle" time="0.015" classname="com.qa2.hubspot2.tests.HomePageTest"/>
</testsuite> <!-- Default test -->
