<?xml version="1.0" encoding="UTF-8"?>
<!-- Generated by org.testng.reporters.JUnitXMLReporter -->
<testsuite hostname="DESKTOP-18F4G47" ignored="0" name="home page test" tests="3" failures="0" timestamp="04 Aug 2020 20:34:06 GMT" time="23.559" errors="0">
  <testcase name="verifyHomePageHeader" time="4.85" classname="com.qa2.hubspot2.tests.HomePageTest"/>
  <testcase name="verifyLoggedInUserTest" time="0.1" classname="com.qa2.hubspot2.tests.HomePageTest"/>
  <testcase name="verifyHomePageTitle" time="0.009" classname="com.qa2.hubspot2.tests.HomePageTest"/>
</testsuite> <!-- home page test -->
