<?xml version="1.0" encoding="UTF-8"?>
<!-- Generated by org.testng.reporters.JUnitXMLReporter -->
<testsuite hostname="DESKTOP-18F4G47" ignored="0" name="login page test" tests="3" failures="0" timestamp="04 Aug 2020 20:34:06 GMT" time="23.559" errors="0">
  <testcase name="verifySignUpLink" time="6.535" classname="com.qa2.hubspot2.tests.LoginPageTest"/>
  <testcase name="verifyLoginPageTitleTest" time="0.204" classname="com.qa2.hubspot2.tests.LoginPageTest"/>
  <testcase name="loginTest" time="4.289" classname="com.qa2.hubspot2.tests.LoginPageTest"/>
</testsuite> <!-- login page test -->
